# JRE version: Java(TM) SE Runtime Environment (8.0_66-b18) (build 1.8.0_66-b18)
# Java VM: Java HotSpot(TM) 64-Bit Server VM (25.66-b18 mixed mode windows-amd64 compressed oops)
Heap:
 PSYoungGen      total 132608K, used 15415K [0x00000000ebb00000, 0x00000000f4400000, 0x0000000100000000)
  eden space 126464K, 7% used [0x00000000ebb00000,0x00000000ec4d9e98,0x00000000f3680000)
  from space 6144K, 86% used [0x00000000f3d00000,0x00000000f4233db8,0x00000000f4300000)
  to   space 6656K, 0% used [0x00000000f3680000,0x00000000f3680000,0x00000000f3d00000)
 ParOldGen       total 42496K, used 5551K [0x00000000c3000000, 0x00000000c5980000, 0x00000000ebb00000)
  object space 42496K, 13% used [0x00000000c3000000,0x00000000c356bf50,0x00000000c5980000)
 Metaspace       used 5249K, capacity 5923K, committed 6016K, reserved 1056768K
  class space    used 504K, capacity 560K, committed 640K, reserved 1048576K
GC Heap History (10 events):
Event: 0.512 GC heap before
{Heap before GC invocations=2 (full 0):
 PSYoungGen      total 18432K, used 17943K [0x00000000ebb00000, 0x00000000edf00000, 0x0000000100000000)
  eden space 15872K, 100% used [0x00000000ebb00000,0x00000000eca80000,0x00000000eca80000)
  from space 2560K, 80% used [0x00000000eca80000,0x00000000ecc85fe0,0x00000000ecd00000)
  to   space 2560K, 0% used [0x00000000edc80000,0x00000000edc80000,0x00000000edf00000)
 ParOldGen       total 42496K, used 8K [0x00000000c3000000, 0x00000000c5980000, 0x00000000ebb00000)
  object space 42496K, 0% used [0x00000000c3000000,0x00000000c3002000,0x00000000c5980000)
 Metaspace       used 5154K, capacity 5859K, committed 6016K, reserved 1056768K
  class space    used 500K, capacity 560K, committed 640K, reserved 1048576K
Event: 0.514 GC heap after
Heap after GC invocations=2 (full 0):
 PSYoungGen      total 34304K, used 2137K [0x00000000ebb00000, 0x00000000edf00000, 0x0000000100000000)
  eden space 31744K, 0% used [0x00000000ebb00000,0x00000000ebb00000,0x00000000eda00000)
  from space 2560K, 83% used [0x00000000edc80000,0x00000000ede96520,0x00000000edf00000)
  to   space 2560K, 0% used [0x00000000eda00000,0x00000000eda00000,0x00000000edc80000)
 ParOldGen       total 42496K, used 16K [0x00000000c3000000, 0x00000000c5980000, 0x00000000ebb00000)
  object space 42496K, 0% used [0x00000000c3000000,0x00000000c3004000,0x00000000c5980000)
 Metaspace       used 5154K, capacity 5859K, committed 6016K, reserved 1056768K
  class space    used 500K, capacity 560K, committed 640K, reserved 1048576K
}
Event: 0.555 GC heap before
{Heap before GC invocations=3 (full 0):
 PSYoungGen      total 34304K, used 33881K [0x00000000ebb00000, 0x00000000edf00000, 0x0000000100000000)
  eden space 31744K, 100% used [0x00000000ebb00000,0x00000000eda00000,0x00000000eda00000)
  from space 2560K, 83% used [0x00000000edc80000,0x00000000ede96520,0x00000000edf00000)
  to   space 2560K, 0% used [0x00000000eda00000,0x00000000eda00000,0x00000000edc80000)
 ParOldGen       total 42496K, used 16K [0x00000000c3000000, 0x00000000c5980000, 0x00000000ebb00000)
  object space 42496K, 0% used [0x00000000c3000000,0x00000000c3004000,0x00000000c5980000)
 Metaspace       used 5180K, capacity 5923K, committed 6016K, reserved 1056768K
  class space    used 500K, capacity 560K, committed 640K, reserved 1048576K
Event: 0.559 GC heap after
Heap after GC invocations=3 (full 0):
 PSYoungGen      total 34304K, used 2545K [0x00000000ebb00000, 0x00000000efe00000, 0x0000000100000000)
  eden space 31744K, 0% used [0x00000000ebb00000,0x00000000ebb00000,0x00000000eda00000)
  from space 2560K, 99% used [0x00000000eda00000,0x00000000edc7c5b8,0x00000000edc80000)
  to   space 2560K, 0% used [0x00000000efb80000,0x00000000efb80000,0x00000000efe00000)
 ParOldGen       total 42496K, used 832K [0x00000000c3000000, 0x00000000c5980000, 0x00000000ebb00000)
  object space 42496K, 1% used [0x00000000c3000000,0x00000000c30d0000,0x00000000c5980000)
 Metaspace       used 5180K, capacity 5923K, committed 6016K, reserved 1056768K
  class space    used 500K, capacity 560K, committed 640K, reserved 1048576K
}
Event: 0.603 GC heap before
{Heap before GC invocations=4 (full 0):
 PSYoungGen      total 34304K, used 34289K [0x00000000ebb00000, 0x00000000efe00000, 0x0000000100000000)
  eden space 31744K, 100% used [0x00000000ebb00000,0x00000000eda00000,0x00000000eda00000)
  from space 2560K, 99% used [0x00000000eda00000,0x00000000edc7c5b8,0x00000000edc80000)
  to   space 2560K, 0% used [0x00000000efb80000,0x00000000efb80000,0x00000000efe00000)
 ParOldGen       total 42496K, used 832K [0x00000000c3000000, 0x00000000c5980000, 0x00000000ebb00000)
  object space 42496K, 1% used [0x00000000c3000000,0x00000000c30d0000,0x00000000c5980000)
 Metaspace       used 5187K, capacity 5923K, committed 6016K, reserved 1056768K
  class space    used 500K, capacity 560K, committed 640K, reserved 1048576K
Event: 0.620 GC heap after
Heap after GC invocations=4 (full 0):
 PSYoungGen      total 66048K, used 2537K [0x00000000ebb00000, 0x00000000efe00000, 0x0000000100000000)
  eden space 63488K, 0% used [0x00000000ebb00000,0x00000000ebb00000,0x00000000ef900000)
  from space 2560K, 99% used [0x00000000efb80000,0x00000000efdfa780,0x00000000efe00000)
  to   space 2560K, 0% used [0x00000000ef900000,0x00000000ef900000,0x00000000efb80000)
 ParOldGen       total 42496K, used 3143K [0x00000000c3000000, 0x00000000c5980000, 0x00000000ebb00000)
  object space 42496K, 7% used [0x00000000c3000000,0x00000000c3311f50,0x00000000c5980000)
 Metaspace       used 5187K, capacity 5923K, committed 6016K, reserved 1056768K
  class space    used 500K, capacity 560K, committed 640K, reserved 1048576K
}
Event: 0.696 GC heap before
{Heap before GC invocations=5 (full 0):
 PSYoungGen      total 66048K, used 66025K [0x00000000ebb00000, 0x00000000efe00000, 0x0000000100000000)
  eden space 63488K, 100% used [0x00000000ebb00000,0x00000000ef900000,0x00000000ef900000)
  from space 2560K, 99% used [0x00000000efb80000,0x00000000efdfa780,0x00000000efe00000)
  to   space 2560K, 0% used [0x00000000ef900000,0x00000000ef900000,0x00000000efb80000)
 ParOldGen       total 42496K, used 3143K [0x00000000c3000000, 0x00000000c5980000, 0x00000000ebb00000)
  object space 42496K, 7% used [0x00000000c3000000,0x00000000c3311f50,0x00000000c5980000)
 Metaspace       used 5187K, capacity 5923K, committed 6016K, reserved 1056768K
  class space    used 500K, capacity 560K, committed 640K, reserved 1048576K
Event: 0.705 GC heap after
Heap after GC invocations=5 (full 0):
 PSYoungGen      total 66048K, used 2545K [0x00000000ebb00000, 0x00000000f4300000, 0x0000000100000000)
  eden space 63488K, 0% used [0x00000000ebb00000,0x00000000ebb00000,0x00000000ef900000)
  from space 2560K, 99% used [0x00000000ef900000,0x00000000efb7c788,0x00000000efb80000)
  to   space 6144K, 0% used [0x00000000f3d00000,0x00000000f3d00000,0x00000000f4300000)
 ParOldGen       total 42496K, used 5551K [0x00000000c3000000, 0x00000000c5980000, 0x00000000ebb00000)
  object space 42496K, 13% used [0x00000000c3000000,0x00000000c356bf50,0x00000000c5980000)
 Metaspace       used 5187K, capacity 5923K, committed 6016K, reserved 1056768K
  class space    used 500K, capacity 560K, committed 640K, reserved 1048576K
}
Event: 0.764 GC heap before
{Heap before GC invocations=6 (full 0):
 PSYoungGen      total 66048K, used 66033K [0x00000000ebb00000, 0x00000000f4300000, 0x0000000100000000)
  eden space 63488K, 100% used [0x00000000ebb00000,0x00000000ef900000,0x00000000ef900000)
  from space 2560K, 99% used [0x00000000ef900000,0x00000000efb7c788,0x00000000efb80000)
  to   space 6144K, 0% used [0x00000000f3d00000,0x00000000f3d00000,0x00000000f4300000)
 ParOldGen       total 42496K, used 5551K [0x00000000c3000000, 0x00000000c5980000, 0x00000000ebb00000)
  object space 42496K, 13% used [0x00000000c3000000,0x00000000c356bf50,0x00000000c5980000)
 Metaspace       used 5187K, capacity 5923K, committed 6016K, reserved 1056768K
  class space    used 500K, capacity 560K, committed 640K, reserved 1048576K
Event: 0.774 GC heap after
Heap after GC invocations=6 (full 0):
 PSYoungGen      total 132608K, used 5327K [0x00000000ebb00000, 0x00000000f4400000, 0x0000000100000000)
  eden space 126464K, 0% used [0x00000000ebb00000,0x00000000ebb00000,0x00000000f3680000)
  from space 6144K, 86% used [0x00000000f3d00000,0x00000000f4233db8,0x00000000f4300000)
  to   space 6656K, 0% used [0x00000000f3680000,0x00000000f3680000,0x00000000f3d00000)
 ParOldGen       total 42496K, used 5551K [0x00000000c3000000, 0x00000000c5980000, 0x00000000ebb00000)
  object space 42496K, 13% used [0x00000000c3000000,0x00000000c356bf50,0x00000000c5980000)
 Metaspace       used 5187K, capacity 5923K, committed 6016K, reserved 1056768K
  class space    used 500K, capacity 560K, committed 640K, reserved 1048576K
}

