# JRE version: Java(TM) SE Runtime Environment (8.0_66-b18) (build 1.8.0_66-b18)
# Java VM: Java HotSpot(TM) 64-Bit Server VM (25.66-b18 mixed mode windows-amd64 compressed oops)
Heap:
 PSYoungGen      total 68608K, used 48187K [0x00000000ebb00000, 0x00000000f4400000, 0x0000000100000000)
  eden space 63488K, 67% used [0x00000000ebb00000,0x00000000ee5104e0,0x00000000ef900000)
  from space 5120K, 99% used [0x00000000ef900000,0x00000000efdfe9f8,0x00000000efe00000)
  to   space 6656K, 0% used [0x00000000f3d80000,0x00000000f3d80000,0x00000000f4400000)
 ParOldGen       total 42496K, used 4262K [0x00000000c3000000, 0x00000000c5980000, 0x00000000ebb00000)
  object space 42496K, 10% used [0x00000000c3000000,0x00000000c3429998,0x00000000c5980000)
 Metaspace       used 5244K, capacity 5923K, committed 6016K, reserved 1056768K
  class space    used 504K, capacity 560K, committed 640K, reserved 1048576K
GC Heap History (10 events):
Event: 0.573 GC heap before
{Heap before GC invocations=3 (full 0):
 PSYoungGen      total 18432K, used 18009K [0x00000000ebb00000, 0x00000000edf00000, 0x0000000100000000)
  eden space 15872K, 100% used [0x00000000ebb00000,0x00000000eca80000,0x00000000eca80000)
  from space 2560K, 83% used [0x00000000ecd00000,0x00000000ecf16520,0x00000000ecf80000)
  to   space 2560K, 0% used [0x00000000eca80000,0x00000000eca80000,0x00000000ecd00000)
 ParOldGen       total 42496K, used 16K [0x00000000c3000000, 0x00000000c5980000, 0x00000000ebb00000)
  object space 42496K, 0% used [0x00000000c3000000,0x00000000c3004000,0x00000000c5980000)
 Metaspace       used 5160K, capacity 5923K, committed 6016K, reserved 1056768K
  class space    used 500K, capacity 560K, committed 640K, reserved 1048576K
Event: 0.576 GC heap after
Heap after GC invocations=3 (full 0):
 PSYoungGen      total 18432K, used 2554K [0x00000000ebb00000, 0x00000000edf00000, 0x0000000100000000)
  eden space 15872K, 0% used [0x00000000ebb00000,0x00000000ebb00000,0x00000000eca80000)
  from space 2560K, 99% used [0x00000000eca80000,0x00000000eccfea18,0x00000000ecd00000)
  to   space 2560K, 0% used [0x00000000edc80000,0x00000000edc80000,0x00000000edf00000)
 ParOldGen       total 42496K, used 192K [0x00000000c3000000, 0x00000000c5980000, 0x00000000ebb00000)
  object space 42496K, 0% used [0x00000000c3000000,0x00000000c3030000,0x00000000c5980000)
 Metaspace       used 5160K, capacity 5923K, committed 6016K, reserved 1056768K
  class space    used 500K, capacity 560K, committed 640K, reserved 1048576K
}
Event: 0.593 GC heap before
{Heap before GC invocations=4 (full 0):
 PSYoungGen      total 18432K, used 18426K [0x00000000ebb00000, 0x00000000edf00000, 0x0000000100000000)
  eden space 15872K, 100% used [0x00000000ebb00000,0x00000000eca80000,0x00000000eca80000)
  from space 2560K, 99% used [0x00000000eca80000,0x00000000eccfea18,0x00000000ecd00000)
  to   space 2560K, 0% used [0x00000000edc80000,0x00000000edc80000,0x00000000edf00000)
 ParOldGen       total 42496K, used 192K [0x00000000c3000000, 0x00000000c5980000, 0x00000000ebb00000)
  object space 42496K, 0% used [0x00000000c3000000,0x00000000c3030000,0x00000000c5980000)
 Metaspace       used 5172K, capacity 5923K, committed 6016K, reserved 1056768K
  class space    used 500K, capacity 560K, committed 640K, reserved 1048576K
Event: 0.597 GC heap after
Heap after GC invocations=4 (full 0):
 PSYoungGen      total 34304K, used 2545K [0x00000000ebb00000, 0x00000000edf00000, 0x0000000100000000)
  eden space 31744K, 0% used [0x00000000ebb00000,0x00000000ebb00000,0x00000000eda00000)
  from space 2560K, 99% used [0x00000000edc80000,0x00000000edefc5b8,0x00000000edf00000)
  to   space 2560K, 0% used [0x00000000eda00000,0x00000000eda00000,0x00000000edc80000)
 ParOldGen       total 42496K, used 824K [0x00000000c3000000, 0x00000000c5980000, 0x00000000ebb00000)
  object space 42496K, 1% used [0x00000000c3000000,0x00000000c30ce000,0x00000000c5980000)
 Metaspace       used 5172K, capacity 5923K, committed 6016K, reserved 1056768K
  class space    used 500K, capacity 560K, committed 640K, reserved 1048576K
}
Event: 0.632 GC heap before
{Heap before GC invocations=5 (full 0):
 PSYoungGen      total 34304K, used 34289K [0x00000000ebb00000, 0x00000000edf00000, 0x0000000100000000)
  eden space 31744K, 100% used [0x00000000ebb00000,0x00000000eda00000,0x00000000eda00000)
  from space 2560K, 99% used [0x00000000edc80000,0x00000000edefc5b8,0x00000000edf00000)
  to   space 2560K, 0% used [0x00000000eda00000,0x00000000eda00000,0x00000000edc80000)
 ParOldGen       total 42496K, used 824K [0x00000000c3000000, 0x00000000c5980000, 0x00000000ebb00000)
  object space 42496K, 1% used [0x00000000c3000000,0x00000000c30ce000,0x00000000c5980000)
 Metaspace       used 5184K, capacity 5923K, committed 6016K, reserved 1056768K
  class space    used 500K, capacity 560K, committed 640K, reserved 1048576K
Event: 0.640 GC heap after
Heap after GC invocations=5 (full 0):
 PSYoungGen      total 34304K, used 2553K [0x00000000ebb00000, 0x00000000f0300000, 0x0000000100000000)
  eden space 31744K, 0% used [0x00000000ebb00000,0x00000000ebb00000,0x00000000eda00000)
  from space 2560K, 99% used [0x00000000eda00000,0x00000000edc7e790,0x00000000edc80000)
  to   space 5120K, 0% used [0x00000000efe00000,0x00000000efe00000,0x00000000f0300000)
 ParOldGen       total 42496K, used 3107K [0x00000000c3000000, 0x00000000c5980000, 0x00000000ebb00000)
  object space 42496K, 7% used [0x00000000c3000000,0x00000000c3308f40,0x00000000c5980000)
 Metaspace       used 5184K, capacity 5923K, committed 6016K, reserved 1056768K
  class space    used 500K, capacity 560K, committed 640K, reserved 1048576K
}
Event: 0.669 GC heap before
{Heap before GC invocations=6 (full 0):
 PSYoungGen      total 34304K, used 34297K [0x00000000ebb00000, 0x00000000f0300000, 0x0000000100000000)
  eden space 31744K, 100% used [0x00000000ebb00000,0x00000000eda00000,0x00000000eda00000)
  from space 2560K, 99% used [0x00000000eda00000,0x00000000edc7e790,0x00000000edc80000)
  to   space 5120K, 0% used [0x00000000efe00000,0x00000000efe00000,0x00000000f0300000)
 ParOldGen       total 42496K, used 3107K [0x00000000c3000000, 0x00000000c5980000, 0x00000000ebb00000)
  object space 42496K, 7% used [0x00000000c3000000,0x00000000c3308f40,0x00000000c5980000)
 Metaspace       used 5184K, capacity 5923K, committed 6016K, reserved 1056768K
  class space    used 500K, capacity 560K, committed 640K, reserved 1048576K
Event: 0.689 GC heap after
Heap after GC invocations=6 (full 0):
 PSYoungGen      total 68608K, used 3825K [0x00000000ebb00000, 0x00000000f0300000, 0x0000000100000000)
  eden space 63488K, 0% used [0x00000000ebb00000,0x00000000ebb00000,0x00000000ef900000)
  from space 5120K, 74% used [0x00000000efe00000,0x00000000f01bc5e8,0x00000000f0300000)
  to   space 5120K, 0% used [0x00000000ef900000,0x00000000ef900000,0x00000000efe00000)
 ParOldGen       total 42496K, used 3115K [0x00000000c3000000, 0x00000000c5980000, 0x00000000ebb00000)
  object space 42496K, 7% used [0x00000000c3000000,0x00000000c330af40,0x00000000c5980000)
 Metaspace       used 5184K, capacity 5923K, committed 6016K, reserved 1056768K
  class space    used 500K, capacity 560K, committed 640K, reserved 1048576K
}
Event: 0.759 GC heap before
{Heap before GC invocations=7 (full 0):
 PSYoungGen      total 68608K, used 67313K [0x00000000ebb00000, 0x00000000f0300000, 0x0000000100000000)
  eden space 63488K, 100% used [0x00000000ebb00000,0x00000000ef900000,0x00000000ef900000)
  from space 5120K, 74% used [0x00000000efe00000,0x00000000f01bc5e8,0x00000000f0300000)
  to   space 5120K, 0% used [0x00000000ef900000,0x00000000ef900000,0x00000000efe00000)
 ParOldGen       total 42496K, used 3115K [0x00000000c3000000, 0x00000000c5980000, 0x00000000ebb00000)
  object space 42496K, 7% used [0x00000000c3000000,0x00000000c330af40,0x00000000c5980000)
 Metaspace       used 5184K, capacity 5923K, committed 6016K, reserved 1056768K
  class space    used 500K, capacity 560K, committed 640K, reserved 1048576K
Event: 0.769 GC heap after
Heap after GC invocations=7 (full 0):
 PSYoungGen      total 68608K, used 5114K [0x00000000ebb00000, 0x00000000f4400000, 0x0000000100000000)
  eden space 63488K, 0% used [0x00000000ebb00000,0x00000000ebb00000,0x00000000ef900000)
  from space 5120K, 99% used [0x00000000ef900000,0x00000000efdfe9f8,0x00000000efe00000)
  to   space 6656K, 0% used [0x00000000f3d80000,0x00000000f3d80000,0x00000000f4400000)
 ParOldGen       total 42496K, used 4262K [0x00000000c3000000, 0x00000000c5980000, 0x00000000ebb00000)
  object space 42496K, 10% used [0x00000000c3000000,0x00000000c3429998,0x00000000c5980000)
 Metaspace       used 5184K, capacity 5923K, committed 6016K, reserved 1056768K
  class space    used 500K, capacity 560K, committed 640K, reserved 1048576K
}

